<?xml version="1.0" encoding="UTF-8" ?>
<testsuites>
<testsuite name="Interpreter" errors="0" tests="0" failures="0" time="0" timestamp="2014-07-10T02:27:19">
</testsuite>
<testsuite name="Interpreter.#run" errors="0" tests="1" failures="0" time="0.001" timestamp="2014-07-10T02:27:19">
  <testcase classname="Interpreter.#run" name="returns the last value on the stack" time="0.001"></testcase>
</testsuite>
<testsuite name="Interpreter.#run.number literals" errors="0" tests="1" failures="0" time="0.001" timestamp="2014-07-10T02:27:19">
  <testcase classname="Interpreter.#run.number literals" name="always clamps between 0 and 256" time="0.001"></testcase>
</testsuite>
<testsuite name="Interpreter.#run.exit" errors="0" tests="1" failures="0" time="0" timestamp="2014-07-10T02:27:19">
  <testcase classname="Interpreter.#run.exit" name="exits" time="0"></testcase>
</testsuite>
<testsuite name="Interpreter.#run.invert" errors="0" tests="2" failures="0" time="0" timestamp="2014-07-10T02:27:19">
  <testcase classname="Interpreter.#run.invert" name="returns (x + 128) % 256" time="0"></testcase>
  <testcase classname="Interpreter.#run.invert" name="exits if there is nothing on the stack" time="0"></testcase>
</testsuite>
<testsuite name="Interpreter.#run.+" errors="0" tests="3" failures="0" time="0" timestamp="2014-07-10T02:27:19">
  <testcase classname="Interpreter.#run.+" name="adds two numbers on the stack" time="0"></testcase>
  <testcase classname="Interpreter.#run.+" name="clamps the result" time="0"></testcase>
  <testcase classname="Interpreter.#run.+" name="exits if there are insufficient arguments" time="0"></testcase>
</testsuite>
<testsuite name="Interpreter.#run.binding" errors="0" tests="1" failures="0" time="0" timestamp="2014-07-10T02:27:19">
  <testcase classname="Interpreter.#run.binding" name="can be executed with an arbitrary binding" time="0"></testcase>
</testsuite>
<testsuite name="Interpreter.#run.with arbitrary instruction mappings" errors="0" tests="2" failures="0" time="0" timestamp="2014-07-10T02:27:19">
  <testcase classname="Interpreter.#run.with arbitrary instruction mappings" name="runs arbitrary instructions" time="0"></testcase>
  <testcase classname="Interpreter.#run.with arbitrary instruction mappings" name="still runs normal instructions" time="0"></testcase>
</testsuite>
</testsuites>