<?xml version="1.0" encoding="UTF-8" ?>
<testsuites>
<testsuite name="CreatureSimlulator" errors="0" tests="0" failures="0" time="0" timestamp="2014-07-10T02:08:52">
</testsuite>
<testsuite name="CreatureSimlulator.#simulate" errors="0" tests="2" failures="0" time="0.075" timestamp="2014-07-10T02:08:52">
  <testcase classname="CreatureSimlulator.#simulate" name="executes the code of each creature" time="0.002"></testcase>
  <testcase classname="CreatureSimlulator.#simulate" name="increments the age of each creature" time="0"></testcase>
</testsuite>
<testsuite name="CreatureSimlulator.#simulate.when the creature has no energy" errors="0" tests="1" failures="0" time="0.001" timestamp="2014-07-10T02:08:52">
  <testcase classname="CreatureSimlulator.#simulate.when the creature has no energy" name="removes the creature" time="0.001"></testcase>
</testsuite>
<testsuite name="CreatureSimlulator.#simulate.instruction mapping" errors="0" tests="0" failures="0" time="0" timestamp="2014-07-10T02:08:52">
</testsuite>
<testsuite name="CreatureSimlulator.#simulate.instruction mapping.move" errors="0" tests="0" failures="0" time="0" timestamp="2014-07-10T02:08:52">
</testsuite>
<testsuite name="CreatureSimlulator.#simulate.instruction mapping.move.when the stack is empty" errors="0" tests="1" failures="0" time="0.001" timestamp="2014-07-10T02:08:52">
  <testcase classname="CreatureSimlulator.#simulate.instruction mapping.move.when the stack is empty" name="moves in a random direction" time="0.001"></testcase>
</testsuite>
<testsuite name="CreatureSimlulator.#simulate.instruction mapping.move.when the stack has a value" errors="0" tests="1" failures="1" time="0.071" timestamp="2014-07-10T02:08:52">
  <testcase classname="CreatureSimlulator.#simulate.instruction mapping.move.when the stack has a value" name="moves in that direction" time="0.001"><failure type="expect" message="Expected 3 to be 5.">Error: Expected 3 to be 5.
  at new jasmine.ExpectationResult (/Users/pj/.meteorite/packages/jasmine-unit/xolvio/jasmine-unit/9c5b0d03013f01a15d61233152381094238fcb4a/.npm/package/node_modules/jasmine-node-reporter-fix/lib/jasmine-node/jasmine-1.3.1.js:114:32)
  at [object Object].toBe (/Users/pj/.meteorite/packages/jasmine-unit/xolvio/jasmine-unit/9c5b0d03013f01a15d61233152381094238fcb4a/.npm/package/node_modules/jasmine-node-reporter-fix/lib/jasmine-node/jasmine-1.3.1.js:1316:29)
  at [object Object].&amp;lt;anonymous&amp;gt; (/Users/pj/Workspace/alife/tests/unit/creature_simulator-jasmine-unit.coffee:82:32)
  at [object Object].jasmine.Block.execute (/Users/pj/.meteorite/packages/jasmine-unit/xolvio/jasmine-unit/9c5b0d03013f01a15d61233152381094238fcb4a/.npm/package/node_modules/jasmine-node-reporter-fix/lib/jasmine-node/jasmine-1.3.1.js:1145:17)
  at [object Object].jasmine.Queue.next_ (/Users/pj/.meteorite/packages/jasmine-unit/xolvio/jasmine-unit/9c5b0d03013f01a15d61233152381094238fcb4a/.npm/package/node_modules/jasmine-node-reporter-fix/lib/jasmine-node/jasmine-1.3.1.js:2177:31)
  at [object Object].jasmine.Queue.start (/Users/pj/.meteorite/packages/jasmine-unit/xolvio/jasmine-unit/9c5b0d03013f01a15d61233152381094238fcb4a/.npm/package/node_modules/jasmine-node-reporter-fix/lib/jasmine-node/jasmine-1.3.1.js:2130:8)
  at [object Object].jasmine.Spec.execute (/Users/pj/.meteorite/packages/jasmine-unit/xolvio/jasmine-unit/9c5b0d03013f01a15d61233152381094238fcb4a/.npm/package/node_modules/jasmine-node-reporter-fix/lib/jasmine-node/jasmine-1.3.1.js:2458:14)
  at [object Object].jasmine.Queue.next_ (/Users/pj/.meteorite/packages/jasmine-unit/xolvio/jasmine-unit/9c5b0d03013f01a15d61233152381094238fcb4a/.npm/package/node_modules/jasmine-node-reporter-fix/lib/jasmine-node/jasmine-1.3.1.js:2177:31)
  at [object Object].jasmine.Queue.start (/Users/pj/.meteorite/packages/jasmine-unit/xolvio/jasmine-unit/9c5b0d03013f01a15d61233152381094238fcb4a/.npm/package/node_modules/jasmine-node-reporter-fix/lib/jasmine-node/jasmine-1.3.1.js:2130:8)
  at [object Object].jasmine.Suite.execute (/Users/pj/.meteorite/packages/jasmine-unit/xolvio/jasmine-unit/9c5b0d03013f01a15d61233152381094238fcb4a/.npm/package/node_modules/jasmine-node-reporter-fix/lib/jasmine-node/jasmine-1.3.1.js:2604:14)
  at [object Object].jasmine.Queue.next_ (/Users/pj/.meteorite/packages/jasmine-unit/xolvio/jasmine-unit/9c5b0d03013f01a15d61233152381094238fcb4a/.npm/package/node_modules/jasmine-node-reporter-fix/lib/jasmine-node/jasmine-1.3.1.js:2177:31)
  at [object Object].jasmine.Queue.start (/Users/pj/.meteorite/packages/jasmine-unit/xolvio/jasmine-unit/9c5b0d03013f01a15d61233152381094238fcb4a/.npm/package/node_modules/jasmine-node-reporter-fix/lib/jasmine-node/jasmine-1.3.1.js:2130:8)
  at [object Object].jasmine.Suite.execute (/Users/pj/.meteorite/packages/jasmine-unit/xolvio/jasmine-unit/9c5b0d03013f01a15d61233152381094238fcb4a/.npm/package/node_modules/jasmine-node-reporter-fix/lib/jasmine-node/jasmine-1.3.1.js:2604:14)
  at [object Object].jasmine.Queue.next_ (/Users/pj/.meteorite/packages/jasmine-unit/xolvio/jasmine-unit/9c5b0d03013f01a15d61233152381094238fcb4a/.npm/package/node_modules/jasmine-node-reporter-fix/lib/jasmine-node/jasmine-1.3.1.js:2177:31)
  at [object Object].jasmine.Queue.start (/Users/pj/.meteorite/packages/jasmine-unit/xolvio/jasmine-unit/9c5b0d03013f01a15d61233152381094238fcb4a/.npm/package/node_modules/jasmine-node-reporter-fix/lib/jasmine-node/jasmine-1.3.1.js:2130:8)
  at [object Object].jasmine.Suite.execute (/Users/pj/.meteorite/packages/jasmine-unit/xolvio/jasmine-unit/9c5b0d03013f01a15d61233152381094238fcb4a/.npm/package/node_modules/jasmine-node-reporter-fix/lib/jasmine-node/jasmine-1.3.1.js:2604:14)
  at [object Object].jasmine.Queue.next_ (/Users/pj/.meteorite/packages/jasmine-unit/xolvio/jasmine-unit/9c5b0d03013f01a15d61233152381094238fcb4a/.npm/package/node_modules/jasmine-node-reporter-fix/lib/jasmine-node/jasmine-1.3.1.js:2177:31)
  at [object Object].jasmine.Queue.start (/Users/pj/.meteorite/packages/jasmine-unit/xolvio/jasmine-unit/9c5b0d03013f01a15d61233152381094238fcb4a/.npm/package/node_modules/jasmine-node-reporter-fix/lib/jasmine-node/jasmine-1.3.1.js:2130:8)
  at [object Object].jasmine.Suite.execute (/Users/pj/.meteorite/packages/jasmine-unit/xolvio/jasmine-unit/9c5b0d03013f01a15d61233152381094238fcb4a/.npm/package/node_modules/jasmine-node-reporter-fix/lib/jasmine-node/jasmine-1.3.1.js:2604:14)
  at [object Object].jasmine.Queue.next_ (/Users/pj/.meteorite/packages/jasmine-unit/xolvio/jasmine-unit/9c5b0d03013f01a15d61233152381094238fcb4a/.npm/package/node_modules/jasmine-node-reporter-fix/lib/jasmine-node/jasmine-1.3.1.js:2177:31)
  at [object Object].jasmine.Queue.start (/Users/pj/.meteorite/packages/jasmine-unit/xolvio/jasmine-unit/9c5b0d03013f01a15d61233152381094238fcb4a/.npm/package/node_modules/jasmine-node-reporter-fix/lib/jasmine-node/jasmine-1.3.1.js:2130:8)
  at [object Object].jasmine.Suite.execute (/Users/pj/.meteorite/packages/jasmine-unit/xolvio/jasmine-unit/9c5b0d03013f01a15d61233152381094238fcb4a/.npm/package/node_modules/jasmine-node-reporter-fix/lib/jasmine-node/jasmine-1.3.1.js:2604:14)
  at [object Object].jasmine.Queue.next_ (/Users/pj/.meteorite/packages/jasmine-unit/xolvio/jasmine-unit/9c5b0d03013f01a15d61233152381094238fcb4a/.npm/package/node_modules/jasmine-node-reporter-fix/lib/jasmine-node/jasmine-1.3.1.js:2177:31)
  at onComplete (/Users/pj/.meteorite/packages/jasmine-unit/xolvio/jasmine-unit/9c5b0d03013f01a15d61233152381094238fcb4a/.npm/package/node_modules/jasmine-node-reporter-fix/lib/jasmine-node/jasmine-1.3.1.js:2173:18)
  at [object Object].jasmine.Suite.finish (/Users/pj/.meteorite/packages/jasmine-unit/xolvio/jasmine-unit/9c5b0d03013f01a15d61233152381094238fcb4a/.npm/package/node_modules/jasmine-node-reporter-fix/lib/jasmine-node/jasmine-1.3.1.js:2561:5)
  at [object Object].onComplete (/Users/pj/.meteorite/packages/jasmine-unit/xolvio/jasmine-unit/9c5b0d03013f01a15d61233152381094238fcb4a/.npm/package/node_modules/jasmine-node-reporter-fix/lib/jasmine-node/jasmine-1.3.1.js:2605:10)
  at [object Object].jasmine.Queue.next_ (/Users/pj/.meteorite/packages/jasmine-unit/xolvio/jasmine-unit/9c5b0d03013f01a15d61233152381094238fcb4a/.npm/package/node_modules/jasmine-node-reporter-fix/lib/jasmine-node/jasmine-1.3.1.js:2187:14)
  at onComplete (/Users/pj/.meteorite/packages/jasmine-unit/xolvio/jasmine-unit/9c5b0d03013f01a15d61233152381094238fcb4a/.npm/package/node_modules/jasmine-node-reporter-fix/lib/jasmine-node/jasmine-1.3.1.js:2173:18)
  at [object Object].jasmine.Suite.finish (/Users/pj/.meteorite/packages/jasmine-unit/xolvio/jasmine-unit/9c5b0d03013f01a15d61233152381094238fcb4a/.npm/package/node_modules/jasmine-node-reporter-fix/lib/jasmine-node/jasmine-1.3.1.js:2561:5)
  at [object Object].onComplete (/Users/pj/.meteorite/packages/jasmine-unit/xolvio/jasmine-unit/9c5b0d03013f01a15d61233152381094238fcb4a/.npm/package/node_modules/jasmine-node-reporter-fix/lib/jasmine-node/jasmine-1.3.1.js:2605:10)
  at [object Object].jasmine.Queue.next_ (/Users/pj/.meteorite/packages/jasmine-unit/xolvio/jasmine-unit/9c5b0d03013f01a15d61233152381094238fcb4a/.npm/package/node_modules/jasmine-node-reporter-fix/lib/jasmine-node/jasmine-1.3.1.js:2187:14)
  at onComplete (/Users/pj/.meteorite/packages/jasmine-unit/xolvio/jasmine-unit/9c5b0d03013f01a15d61233152381094238fcb4a/.npm/package/node_modules/jasmine-node-reporter-fix/lib/jasmine-node/jasmine-1.3.1.js:2173:18)
  at [object Object].jasmine.Spec.finish (/Users/pj/.meteorite/packages/jasmine-unit/xolvio/jasmine-unit/9c5b0d03013f01a15d61233152381094238fcb4a/.npm/package/node_modules/jasmine-node-reporter-fix/lib/jasmine-node/jasmine-1.3.1.js:2432:5)
  at [object Object].onComplete (/Users/pj/.meteorite/packages/jasmine-unit/xolvio/jasmine-unit/9c5b0d03013f01a15d61233152381094238fcb4a/.npm/package/node_modules/jasmine-node-reporter-fix/lib/jasmine-node/jasmine-1.3.1.js:2459:10)
  at [object Object].jasmine.Queue.next_ (/Users/pj/.meteorite/packages/jasmine-unit/xolvio/jasmine-unit/9c5b0d03013f01a15d61233152381094238fcb4a/.npm/package/node_modules/jasmine-node-reporter-fix/lib/jasmine-node/jasmine-1.3.1.js:2187:14)
  at [object Object]._onTimeout (/Users/pj/.meteorite/packages/jasmine-unit/xolvio/jasmine-unit/9c5b0d03013f01a15d61233152381094238fcb4a/.npm/package/node_modules/jasmine-node-reporter-fix/lib/jasmine-node/jasmine-1.3.1.js:2167:18)
  at Timer.listOnTimeout [as ontimeout] (timers.js:110:15)
</failure><failure type="expect" message="Expected 3 to be 5.">Error: Expected 3 to be 5.
  at new jasmine.ExpectationResult (/Users/pj/.meteorite/packages/jasmine-unit/xolvio/jasmine-unit/9c5b0d03013f01a15d61233152381094238fcb4a/.npm/package/node_modules/jasmine-node-reporter-fix/lib/jasmine-node/jasmine-1.3.1.js:114:32)
  at [object Object].toBe (/Users/pj/.meteorite/packages/jasmine-unit/xolvio/jasmine-unit/9c5b0d03013f01a15d61233152381094238fcb4a/.npm/package/node_modules/jasmine-node-reporter-fix/lib/jasmine-node/jasmine-1.3.1.js:1316:29)
  at [object Object].&amp;lt;anonymous&amp;gt; (/Users/pj/Workspace/alife/tests/unit/creature_simulator-jasmine-unit.coffee:83:32)
  at [object Object].jasmine.Block.execute (/Users/pj/.meteorite/packages/jasmine-unit/xolvio/jasmine-unit/9c5b0d03013f01a15d61233152381094238fcb4a/.npm/package/node_modules/jasmine-node-reporter-fix/lib/jasmine-node/jasmine-1.3.1.js:1145:17)
  at [object Object].jasmine.Queue.next_ (/Users/pj/.meteorite/packages/jasmine-unit/xolvio/jasmine-unit/9c5b0d03013f01a15d61233152381094238fcb4a/.npm/package/node_modules/jasmine-node-reporter-fix/lib/jasmine-node/jasmine-1.3.1.js:2177:31)
  at [object Object].jasmine.Queue.start (/Users/pj/.meteorite/packages/jasmine-unit/xolvio/jasmine-unit/9c5b0d03013f01a15d61233152381094238fcb4a/.npm/package/node_modules/jasmine-node-reporter-fix/lib/jasmine-node/jasmine-1.3.1.js:2130:8)
  at [object Object].jasmine.Spec.execute (/Users/pj/.meteorite/packages/jasmine-unit/xolvio/jasmine-unit/9c5b0d03013f01a15d61233152381094238fcb4a/.npm/package/node_modules/jasmine-node-reporter-fix/lib/jasmine-node/jasmine-1.3.1.js:2458:14)
  at [object Object].jasmine.Queue.next_ (/Users/pj/.meteorite/packages/jasmine-unit/xolvio/jasmine-unit/9c5b0d03013f01a15d61233152381094238fcb4a/.npm/package/node_modules/jasmine-node-reporter-fix/lib/jasmine-node/jasmine-1.3.1.js:2177:31)
  at [object Object].jasmine.Queue.start (/Users/pj/.meteorite/packages/jasmine-unit/xolvio/jasmine-unit/9c5b0d03013f01a15d61233152381094238fcb4a/.npm/package/node_modules/jasmine-node-reporter-fix/lib/jasmine-node/jasmine-1.3.1.js:2130:8)
  at [object Object].jasmine.Suite.execute (/Users/pj/.meteorite/packages/jasmine-unit/xolvio/jasmine-unit/9c5b0d03013f01a15d61233152381094238fcb4a/.npm/package/node_modules/jasmine-node-reporter-fix/lib/jasmine-node/jasmine-1.3.1.js:2604:14)
  at [object Object].jasmine.Queue.next_ (/Users/pj/.meteorite/packages/jasmine-unit/xolvio/jasmine-unit/9c5b0d03013f01a15d61233152381094238fcb4a/.npm/package/node_modules/jasmine-node-reporter-fix/lib/jasmine-node/jasmine-1.3.1.js:2177:31)
  at [object Object].jasmine.Queue.start (/Users/pj/.meteorite/packages/jasmine-unit/xolvio/jasmine-unit/9c5b0d03013f01a15d61233152381094238fcb4a/.npm/package/node_modules/jasmine-node-reporter-fix/lib/jasmine-node/jasmine-1.3.1.js:2130:8)
  at [object Object].jasmine.Suite.execute (/Users/pj/.meteorite/packages/jasmine-unit/xolvio/jasmine-unit/9c5b0d03013f01a15d61233152381094238fcb4a/.npm/package/node_modules/jasmine-node-reporter-fix/lib/jasmine-node/jasmine-1.3.1.js:2604:14)
  at [object Object].jasmine.Queue.next_ (/Users/pj/.meteorite/packages/jasmine-unit/xolvio/jasmine-unit/9c5b0d03013f01a15d61233152381094238fcb4a/.npm/package/node_modules/jasmine-node-reporter-fix/lib/jasmine-node/jasmine-1.3.1.js:2177:31)
  at [object Object].jasmine.Queue.start (/Users/pj/.meteorite/packages/jasmine-unit/xolvio/jasmine-unit/9c5b0d03013f01a15d61233152381094238fcb4a/.npm/package/node_modules/jasmine-node-reporter-fix/lib/jasmine-node/jasmine-1.3.1.js:2130:8)
  at [object Object].jasmine.Suite.execute (/Users/pj/.meteorite/packages/jasmine-unit/xolvio/jasmine-unit/9c5b0d03013f01a15d61233152381094238fcb4a/.npm/package/node_modules/jasmine-node-reporter-fix/lib/jasmine-node/jasmine-1.3.1.js:2604:14)
  at [object Object].jasmine.Queue.next_ (/Users/pj/.meteorite/packages/jasmine-unit/xolvio/jasmine-unit/9c5b0d03013f01a15d61233152381094238fcb4a/.npm/package/node_modules/jasmine-node-reporter-fix/lib/jasmine-node/jasmine-1.3.1.js:2177:31)
  at [object Object].jasmine.Queue.start (/Users/pj/.meteorite/packages/jasmine-unit/xolvio/jasmine-unit/9c5b0d03013f01a15d61233152381094238fcb4a/.npm/package/node_modules/jasmine-node-reporter-fix/lib/jasmine-node/jasmine-1.3.1.js:2130:8)
  at [object Object].jasmine.Suite.execute (/Users/pj/.meteorite/packages/jasmine-unit/xolvio/jasmine-unit/9c5b0d03013f01a15d61233152381094238fcb4a/.npm/package/node_modules/jasmine-node-reporter-fix/lib/jasmine-node/jasmine-1.3.1.js:2604:14)
  at [object Object].jasmine.Queue.next_ (/Users/pj/.meteorite/packages/jasmine-unit/xolvio/jasmine-unit/9c5b0d03013f01a15d61233152381094238fcb4a/.npm/package/node_modules/jasmine-node-reporter-fix/lib/jasmine-node/jasmine-1.3.1.js:2177:31)
  at [object Object].jasmine.Queue.start (/Users/pj/.meteorite/packages/jasmine-unit/xolvio/jasmine-unit/9c5b0d03013f01a15d61233152381094238fcb4a/.npm/package/node_modules/jasmine-node-reporter-fix/lib/jasmine-node/jasmine-1.3.1.js:2130:8)
  at [object Object].jasmine.Suite.execute (/Users/pj/.meteorite/packages/jasmine-unit/xolvio/jasmine-unit/9c5b0d03013f01a15d61233152381094238fcb4a/.npm/package/node_modules/jasmine-node-reporter-fix/lib/jasmine-node/jasmine-1.3.1.js:2604:14)
  at [object Object].jasmine.Queue.next_ (/Users/pj/.meteorite/packages/jasmine-unit/xolvio/jasmine-unit/9c5b0d03013f01a15d61233152381094238fcb4a/.npm/package/node_modules/jasmine-node-reporter-fix/lib/jasmine-node/jasmine-1.3.1.js:2177:31)
  at onComplete (/Users/pj/.meteorite/packages/jasmine-unit/xolvio/jasmine-unit/9c5b0d03013f01a15d61233152381094238fcb4a/.npm/package/node_modules/jasmine-node-reporter-fix/lib/jasmine-node/jasmine-1.3.1.js:2173:18)
  at [object Object].jasmine.Suite.finish (/Users/pj/.meteorite/packages/jasmine-unit/xolvio/jasmine-unit/9c5b0d03013f01a15d61233152381094238fcb4a/.npm/package/node_modules/jasmine-node-reporter-fix/lib/jasmine-node/jasmine-1.3.1.js:2561:5)
  at [object Object].onComplete (/Users/pj/.meteorite/packages/jasmine-unit/xolvio/jasmine-unit/9c5b0d03013f01a15d61233152381094238fcb4a/.npm/package/node_modules/jasmine-node-reporter-fix/lib/jasmine-node/jasmine-1.3.1.js:2605:10)
  at [object Object].jasmine.Queue.next_ (/Users/pj/.meteorite/packages/jasmine-unit/xolvio/jasmine-unit/9c5b0d03013f01a15d61233152381094238fcb4a/.npm/package/node_modules/jasmine-node-reporter-fix/lib/jasmine-node/jasmine-1.3.1.js:2187:14)
  at onComplete (/Users/pj/.meteorite/packages/jasmine-unit/xolvio/jasmine-unit/9c5b0d03013f01a15d61233152381094238fcb4a/.npm/package/node_modules/jasmine-node-reporter-fix/lib/jasmine-node/jasmine-1.3.1.js:2173:18)
  at [object Object].jasmine.Suite.finish (/Users/pj/.meteorite/packages/jasmine-unit/xolvio/jasmine-unit/9c5b0d03013f01a15d61233152381094238fcb4a/.npm/package/node_modules/jasmine-node-reporter-fix/lib/jasmine-node/jasmine-1.3.1.js:2561:5)
  at [object Object].onComplete (/Users/pj/.meteorite/packages/jasmine-unit/xolvio/jasmine-unit/9c5b0d03013f01a15d61233152381094238fcb4a/.npm/package/node_modules/jasmine-node-reporter-fix/lib/jasmine-node/jasmine-1.3.1.js:2605:10)
  at [object Object].jasmine.Queue.next_ (/Users/pj/.meteorite/packages/jasmine-unit/xolvio/jasmine-unit/9c5b0d03013f01a15d61233152381094238fcb4a/.npm/package/node_modules/jasmine-node-reporter-fix/lib/jasmine-node/jasmine-1.3.1.js:2187:14)
  at onComplete (/Users/pj/.meteorite/packages/jasmine-unit/xolvio/jasmine-unit/9c5b0d03013f01a15d61233152381094238fcb4a/.npm/package/node_modules/jasmine-node-reporter-fix/lib/jasmine-node/jasmine-1.3.1.js:2173:18)
  at [object Object].jasmine.Spec.finish (/Users/pj/.meteorite/packages/jasmine-unit/xolvio/jasmine-unit/9c5b0d03013f01a15d61233152381094238fcb4a/.npm/package/node_modules/jasmine-node-reporter-fix/lib/jasmine-node/jasmine-1.3.1.js:2432:5)
  at [object Object].onComplete (/Users/pj/.meteorite/packages/jasmine-unit/xolvio/jasmine-unit/9c5b0d03013f01a15d61233152381094238fcb4a/.npm/package/node_modules/jasmine-node-reporter-fix/lib/jasmine-node/jasmine-1.3.1.js:2459:10)
  at [object Object].jasmine.Queue.next_ (/Users/pj/.meteorite/packages/jasmine-unit/xolvio/jasmine-unit/9c5b0d03013f01a15d61233152381094238fcb4a/.npm/package/node_modules/jasmine-node-reporter-fix/lib/jasmine-node/jasmine-1.3.1.js:2187:14)
  at [object Object]._onTimeout (/Users/pj/.meteorite/packages/jasmine-unit/xolvio/jasmine-unit/9c5b0d03013f01a15d61233152381094238fcb4a/.npm/package/node_modules/jasmine-node-reporter-fix/lib/jasmine-node/jasmine-1.3.1.js:2167:18)
  at Timer.listOnTimeout [as ontimeout] (timers.js:110:15)
</failure></testcase>
</testsuite>
<testsuite name="CreatureSimlulator.#simulate.instruction mapping.move.when a creature is in the way" errors="0" tests="1" failures="0" time="0" timestamp="2014-07-10T02:08:52">
  <testcase classname="CreatureSimlulator.#simulate.instruction mapping.move.when a creature is in the way" name="exits" time="0"></testcase>
</testsuite>
</testsuites>