<?xml version="1.0" encoding="UTF-8" ?>
<testsuites>
<testsuite name="CreatureSimlulator" errors="0" tests="0" failures="0" time="0" timestamp="2014-07-10T01:00:02">
</testsuite>
<testsuite name="CreatureSimlulator.simulate" errors="0" tests="2" failures="0" time="0.005" timestamp="2014-07-10T01:00:02">
  <testcase classname="CreatureSimlulator.simulate" name="executes the code of each creature" time="0.003"></testcase>
  <testcase classname="CreatureSimlulator.simulate" name="increments the age of each creture" time="0.001"></testcase>
</testsuite>
<testsuite name="CreatureSimlulator.simulate.when the creature has no energy" errors="0" tests="1" failures="0" time="0.001" timestamp="2014-07-10T01:00:02">
  <testcase classname="CreatureSimlulator.simulate.when the creature has no energy" name="removes the creature" time="0"></testcase>
</testsuite>
</testsuites>